<?xml version="1.0" encoding="UTF-8"?>
<!-- Generated by org.testng.reporters.JUnitXMLReporter -->
<testsuite hostname="DeepakVarma" ignored="0" name="Test2" tests="2" failures="2" timestamp="2020-11-13T23:35:52 IST" time="0.021" errors="0">
  <testcase name="getTokenNegative" time="0.003" classname="scripts.TokenGenerationTestCase">
    <failure type="java.lang.NullPointerException">
      <![CDATA[java.lang.NullPointerException
at scripts.TokenGenerationTestCase.getTokenNegative(TokenGenerationTestCase.java:39)
at java.util.ArrayList.forEach(Unknown Source)
... Removed 27 stack frames]]>
    </failure>
  </testcase> <!-- getTokenNegative -->
  <testcase name="getTokenPositive" time="0.005" classname="scripts.TokenGenerationTestCase">
    <failure type="java.lang.NullPointerException">
      <![CDATA[java.lang.NullPointerException
at scripts.TokenGenerationTestCase.getTokenPositive(TokenGenerationTestCase.java:21)
at java.util.ArrayList.forEach(Unknown Source)
... Removed 27 stack frames]]>
    </failure>
  </testcase> <!-- getTokenPositive -->
</testsuite> <!-- Test2 -->
