<?xml version="1.0" encoding="UTF-8"?>
<!-- Generated by org.testng.reporters.JUnitXMLReporter -->
<testsuite hostname="A2ML31095" ignored="8" name="Test" tests="7" failures="0" timestamp="20 Nov 2020 12:43:39 GMT" time="22.433" errors="0">
  <testcase name="getUser" time="8.709" classname="scripts.GetUser"/>
  <testcase name="registered" time="2.563" classname="scripts.RegisterTestCase"/>
  <testcase name="getTokenNegative" time="2.033" classname="scripts.TokenGenerationTestCase"/>
  <testcase name="getTokenPositive" time="1.598" classname="scripts.TokenGenerationTestCase"/>
  <testcase name="getBooks" time="1.862" classname="scripts.GetBooks"/>
  <testcase name="authorizationPositive" time="2.494" classname="scripts.AuthorizationTestCases"/>
  <testcase name="authorizationNegative" time="1.888" classname="scripts.AuthorizationTestCases"/>
  <testcase name="@BeforeSuite testBeforeSuite" time="0.0" classname="commonlib.TestBase">
    <ignored/>
  </testcase> <!-- @BeforeSuite testBeforeSuite -->
  <testcase name="@BeforeSuite testBeforeSuite" time="0.0" classname="commonlib.TestBase">
    <ignored/>
  </testcase> <!-- @BeforeSuite testBeforeSuite -->
  <testcase name="@BeforeSuite testBeforeSuite" time="0.0" classname="commonlib.TestBase">
    <ignored/>
  </testcase> <!-- @BeforeSuite testBeforeSuite -->
  <testcase name="@BeforeSuite testBeforeSuite" time="0.0" classname="commonlib.TestBase">
    <ignored/>
  </testcase> <!-- @BeforeSuite testBeforeSuite -->
  <testcase name="@AfterSuite testAfterSuite" time="0.0" classname="commonlib.TestBase">
    <ignored/>
  </testcase> <!-- @AfterSuite testAfterSuite -->
  <testcase name="@AfterSuite testAfterSuite" time="0.0" classname="commonlib.TestBase">
    <ignored/>
  </testcase> <!-- @AfterSuite testAfterSuite -->
  <testcase name="@AfterSuite testAfterSuite" time="0.0" classname="commonlib.TestBase">
    <ignored/>
  </testcase> <!-- @AfterSuite testAfterSuite -->
  <testcase name="@AfterSuite testAfterSuite" time="0.0" classname="commonlib.TestBase">
    <ignored/>
  </testcase> <!-- @AfterSuite testAfterSuite -->
</testsuite> <!-- Test -->
