<?xml version="1.0" encoding="UTF-8"?>
<!-- Generated by org.testng.reporters.JUnitXMLReporter -->
<testsuite hostname="DeepakVarma" ignored="0" name="Test1" tests="1" failures="1" timestamp="2020-11-13T23:35:52 IST" time="0.349" errors="0">
  <testcase name="registered" time="0.26" classname="scripts.RegisterTestCase">
    <failure type="java.lang.NullPointerException">
      <![CDATA[java.lang.NullPointerException
at scripts.RegisterTestCase.registered(RegisterTestCase.java:18)
at java.util.ArrayList.forEach(Unknown Source)
... Removed 27 stack frames]]>
    </failure>
  </testcase> <!-- registered -->
</testsuite> <!-- Test1 -->
