<?xml version="1.0" encoding="UTF-8"?>
<!-- Generated by org.testng.reporters.JUnitXMLReporter -->
<testsuite hostname="A2ML31095" ignored="12" name="Test" tests="9" failures="0" timestamp="25 Nov 2020 09:42:04 GMT" time="26.529" errors="0">
  <testcase name="getUser" time="6.375" classname="scripts.GetUser"/>
  <testcase name="registered" time="1.709" classname="scripts.RegisterTestCase"/>
  <testcase name="getTokenPositive" time="1.766" classname="scripts.TokenGenerationTestCase"/>
  <testcase name="getBooks" time="2.194" classname="scripts.GetBooks"/>
  <testcase name="addBooks" time="4.961" classname="scripts.AddBooks"/>
  <testcase name="deleteBook" time="3.948" classname="scripts.DeleteBook"/>
  <testcase name="getTokenNegative" time="1.098" classname="scripts.TokenGenerationTestCase"/>
  <testcase name="authorizationPositive" time="1.648" classname="scripts.AuthorizationTestCases"/>
  <testcase name="authorizationNegative" time="1.631" classname="scripts.AuthorizationTestCases"/>
  <testcase name="@BeforeSuite testBeforeSuite" time="0.0" classname="commonlib.TestBase">
    <ignored/>
  </testcase> <!-- @BeforeSuite testBeforeSuite -->
  <testcase name="@BeforeSuite testBeforeSuite" time="0.0" classname="commonlib.TestBase">
    <ignored/>
  </testcase> <!-- @BeforeSuite testBeforeSuite -->
  <testcase name="@BeforeSuite testBeforeSuite" time="0.0" classname="commonlib.TestBase">
    <ignored/>
  </testcase> <!-- @BeforeSuite testBeforeSuite -->
  <testcase name="@BeforeSuite testBeforeSuite" time="0.0" classname="commonlib.TestBase">
    <ignored/>
  </testcase> <!-- @BeforeSuite testBeforeSuite -->
  <testcase name="@BeforeSuite testBeforeSuite" time="0.0" classname="commonlib.TestBase">
    <ignored/>
  </testcase> <!-- @BeforeSuite testBeforeSuite -->
  <testcase name="@BeforeSuite testBeforeSuite" time="0.0" classname="commonlib.TestBase">
    <ignored/>
  </testcase> <!-- @BeforeSuite testBeforeSuite -->
  <testcase name="@AfterSuite testAfterSuite" time="0.0" classname="commonlib.TestBase">
    <ignored/>
  </testcase> <!-- @AfterSuite testAfterSuite -->
  <testcase name="@AfterSuite testAfterSuite" time="0.0" classname="commonlib.TestBase">
    <ignored/>
  </testcase> <!-- @AfterSuite testAfterSuite -->
  <testcase name="@AfterSuite testAfterSuite" time="0.0" classname="commonlib.TestBase">
    <ignored/>
  </testcase> <!-- @AfterSuite testAfterSuite -->
  <testcase name="@AfterSuite testAfterSuite" time="0.0" classname="commonlib.TestBase">
    <ignored/>
  </testcase> <!-- @AfterSuite testAfterSuite -->
  <testcase name="@AfterSuite testAfterSuite" time="0.0" classname="commonlib.TestBase">
    <ignored/>
  </testcase> <!-- @AfterSuite testAfterSuite -->
  <testcase name="@AfterSuite testAfterSuite" time="0.0" classname="commonlib.TestBase">
    <ignored/>
  </testcase> <!-- @AfterSuite testAfterSuite -->
</testsuite> <!-- Test -->
