<?xml version="1.0" encoding="UTF-8"?>
<!-- Generated by org.testng.reporters.JUnitXMLReporter -->
<testsuite hostname="DeepakVarma" ignored="0" name="Test3" tests="1" failures="1" timestamp="2020-11-13T23:35:53 IST" time="0.008" errors="0">
  <testcase name="getUser" time="0.003" classname="scripts.GetUser">
    <failure type="java.lang.NullPointerException">
      <![CDATA[java.lang.NullPointerException
at scripts.GetUser.getUser(GetUser.java:19)
at java.util.ArrayList.forEach(Unknown Source)
... Removed 27 stack frames]]>
    </failure>
  </testcase> <!-- getUser -->
</testsuite> <!-- Test3 -->
