<?xml version="1.0" encoding="UTF-8"?>
<!-- Generated by org.testng.reporters.JUnitXMLReporter -->
<testsuite hostname="A2ML31095" ignored="6" name="Test" tests="6" failures="0" timestamp="2020-11-18T12:43:04 IST" time="14.663" errors="0">
  <testcase name="getUser" time="6.07" classname="scripts.GetUser"/>
  <testcase name="registered" time="1.978" classname="scripts.RegisterTestCase"/>
  <testcase name="getTokenNegative" time="1.695" classname="scripts.TokenGenerationTestCase"/>
  <testcase name="getTokenPositive" time="1.202" classname="scripts.TokenGenerationTestCase"/>
  <testcase name="authorizationPositive" time="1.126" classname="scripts.AuthorizationTestCases"/>
  <testcase name="authorizationNegative" time="1.179" classname="scripts.AuthorizationTestCases"/>
  <testcase name="@BeforeSuite testBeforeSuite" time="0.0" classname="commonlib.TestBase">
    <ignored/>
  </testcase> <!-- @BeforeSuite testBeforeSuite -->
  <testcase name="@BeforeSuite testBeforeSuite" time="0.0" classname="commonlib.TestBase">
    <ignored/>
  </testcase> <!-- @BeforeSuite testBeforeSuite -->
  <testcase name="@BeforeSuite testBeforeSuite" time="0.0" classname="commonlib.TestBase">
    <ignored/>
  </testcase> <!-- @BeforeSuite testBeforeSuite -->
  <testcase name="@AfterSuite testAfterSuite" time="0.0" classname="commonlib.TestBase">
    <ignored/>
  </testcase> <!-- @AfterSuite testAfterSuite -->
  <testcase name="@AfterSuite testAfterSuite" time="0.0" classname="commonlib.TestBase">
    <ignored/>
  </testcase> <!-- @AfterSuite testAfterSuite -->
  <testcase name="@AfterSuite testAfterSuite" time="0.0" classname="commonlib.TestBase">
    <ignored/>
  </testcase> <!-- @AfterSuite testAfterSuite -->
</testsuite> <!-- Test -->
