<?xml version="1.0" encoding="UTF-8"?>
<!-- Generated by org.testng.reporters.JUnitXMLReporter -->
<testsuite hostname="DeepakVarma" ignored="6" name="Test" tests="6" failures="0" timestamp="2020-11-14T15:48:30 IST" time="18.328" errors="0">
  <testcase name="getUser" time="8.309" classname="scripts.GetUser"/>
  <testcase name="registered" time="1.822" classname="scripts.RegisterTestCase"/>
  <testcase name="getTokenNegative" time="1.921" classname="scripts.TokenGenerationTestCase"/>
  <testcase name="getTokenPositive" time="1.577" classname="scripts.TokenGenerationTestCase"/>
  <testcase name="authorizationPositive" time="1.876" classname="scripts.AuthorizationTestCases"/>
  <testcase name="authorizationNegative" time="1.591" classname="scripts.AuthorizationTestCases"/>
  <testcase name="@BeforeSuite testBeforeSuite" time="0.0" classname="commonlib.TestBase">
    <ignored/>
  </testcase> <!-- @BeforeSuite testBeforeSuite -->
  <testcase name="@BeforeSuite testBeforeSuite" time="0.0" classname="commonlib.TestBase">
    <ignored/>
  </testcase> <!-- @BeforeSuite testBeforeSuite -->
  <testcase name="@BeforeSuite testBeforeSuite" time="0.0" classname="commonlib.TestBase">
    <ignored/>
  </testcase> <!-- @BeforeSuite testBeforeSuite -->
  <testcase name="@AfterSuite testAfterSuite" time="0.0" classname="commonlib.TestBase">
    <ignored/>
  </testcase> <!-- @AfterSuite testAfterSuite -->
  <testcase name="@AfterSuite testAfterSuite" time="0.0" classname="commonlib.TestBase">
    <ignored/>
  </testcase> <!-- @AfterSuite testAfterSuite -->
  <testcase name="@AfterSuite testAfterSuite" time="0.0" classname="commonlib.TestBase">
    <ignored/>
  </testcase> <!-- @AfterSuite testAfterSuite -->
</testsuite> <!-- Test -->
