<?xml version="1.0" encoding="UTF-8"?>
<testng-results skipped="0" failed="0" ignored="6" total="12" passed="6">
  <reporter-output>
  </reporter-output>
  <suite name="Suite" duration-ms="18328" started-at="2020-11-14T15:48:12 IST" finished-at="2020-11-14T15:48:30 IST">
    <groups>
    </groups>
    <test name="Test" duration-ms="18328" started-at="2020-11-14T15:48:12 IST" finished-at="2020-11-14T15:48:30 IST">
      <class name="scripts.RegisterTestCase">
        <test-method status="PASS" signature="beforeTest()[pri:0, instance:scripts.RegisterTestCase@17579e0f]" name="beforeTest" is-config="true" duration-ms="33" started-at="2020-11-14T15:48:21 IST" finished-at="2020-11-14T15:48:21 IST">
          <reporter-output>
          </reporter-output>
        </test-method> <!-- beforeTest -->
        <test-method status="PASS" signature="registered()[pri:0, instance:scripts.RegisterTestCase@17579e0f]" name="registered" duration-ms="1822" started-at="2020-11-14T15:48:21 IST" finished-at="2020-11-14T15:48:23 IST">
          <reporter-output>
          </reporter-output>
        </test-method> <!-- registered -->
        <test-method status="PASS" signature="afterTest()[pri:0, instance:scripts.RegisterTestCase@17579e0f]" name="afterTest" is-config="true" duration-ms="1" started-at="2020-11-14T15:48:23 IST" finished-at="2020-11-14T15:48:23 IST">
          <reporter-output>
          </reporter-output>
        </test-method> <!-- afterTest -->
      </class> <!-- scripts.RegisterTestCase -->
      <class name="scripts.TokenGenerationTestCase">
        <test-method status="PASS" signature="beforeTest()[pri:0, instance:scripts.TokenGenerationTestCase@4d41cee]" name="beforeTest" is-config="true" duration-ms="17" started-at="2020-11-14T15:48:23 IST" finished-at="2020-11-14T15:48:23 IST">
          <reporter-output>
          </reporter-output>
        </test-method> <!-- beforeTest -->
        <test-method status="PASS" signature="getTokenNegative()[pri:0, instance:scripts.TokenGenerationTestCase@4d41cee]" name="getTokenNegative" duration-ms="1921" started-at="2020-11-14T15:48:23 IST" finished-at="2020-11-14T15:48:25 IST">
          <reporter-output>
          </reporter-output>
        </test-method> <!-- getTokenNegative -->
        <test-method status="PASS" signature="getTokenPositive()[pri:0, instance:scripts.TokenGenerationTestCase@4d41cee]" name="getTokenPositive" duration-ms="1577" started-at="2020-11-14T15:48:25 IST" finished-at="2020-11-14T15:48:27 IST">
          <reporter-output>
          </reporter-output>
        </test-method> <!-- getTokenPositive -->
        <test-method status="PASS" signature="afterTest()[pri:0, instance:scripts.TokenGenerationTestCase@4d41cee]" name="afterTest" is-config="true" duration-ms="0" started-at="2020-11-14T15:48:27 IST" finished-at="2020-11-14T15:48:27 IST">
          <reporter-output>
          </reporter-output>
        </test-method> <!-- afterTest -->
      </class> <!-- scripts.TokenGenerationTestCase -->
      <class name="scripts.AuthorizationTestCases">
        <test-method status="PASS" signature="beforeTest()[pri:0, instance:scripts.AuthorizationTestCases@3712b94]" name="beforeTest" is-config="true" duration-ms="16" started-at="2020-11-14T15:48:27 IST" finished-at="2020-11-14T15:48:27 IST">
          <reporter-output>
          </reporter-output>
        </test-method> <!-- beforeTest -->
        <test-method status="PASS" signature="authorizationPositive()[pri:1, instance:scripts.AuthorizationTestCases@3712b94]" name="authorizationPositive" duration-ms="1876" started-at="2020-11-14T15:48:27 IST" finished-at="2020-11-14T15:48:29 IST">
          <reporter-output>
          </reporter-output>
        </test-method> <!-- authorizationPositive -->
        <test-method status="PASS" signature="authorizationNegative()[pri:2, instance:scripts.AuthorizationTestCases@3712b94]" name="authorizationNegative" duration-ms="1591" started-at="2020-11-14T15:48:29 IST" finished-at="2020-11-14T15:48:30 IST">
          <reporter-output>
          </reporter-output>
        </test-method> <!-- authorizationNegative -->
        <test-method status="PASS" signature="afterTest()[pri:0, instance:scripts.AuthorizationTestCases@3712b94]" name="afterTest" is-config="true" duration-ms="0" started-at="2020-11-14T15:48:30 IST" finished-at="2020-11-14T15:48:30 IST">
          <reporter-output>
          </reporter-output>
        </test-method> <!-- afterTest -->
      </class> <!-- scripts.AuthorizationTestCases -->
      <class name="scripts.GetUser">
        <test-method status="PASS" signature="testBeforeSuite()[pri:0, instance:scripts.GetUser@4b1c1ea0]" name="testBeforeSuite" is-config="true" duration-ms="9" started-at="2020-11-14T15:48:12 IST" finished-at="2020-11-14T15:48:12 IST">
          <reporter-output>
          </reporter-output>
        </test-method> <!-- testBeforeSuite -->
        <test-method status="PASS" signature="beforeTest()[pri:0, instance:scripts.GetUser@4b1c1ea0]" name="beforeTest" is-config="true" duration-ms="1089" started-at="2020-11-14T15:48:12 IST" finished-at="2020-11-14T15:48:13 IST">
          <reporter-output>
          </reporter-output>
        </test-method> <!-- beforeTest -->
        <test-method status="PASS" signature="getUser()[pri:0, instance:scripts.GetUser@4b1c1ea0]" name="getUser" duration-ms="8309" started-at="2020-11-14T15:48:13 IST" finished-at="2020-11-14T15:48:21 IST">
          <reporter-output>
          </reporter-output>
        </test-method> <!-- getUser -->
        <test-method status="PASS" signature="afterTest()[pri:0, instance:scripts.GetUser@4b1c1ea0]" name="afterTest" is-config="true" duration-ms="2" started-at="2020-11-14T15:48:21 IST" finished-at="2020-11-14T15:48:21 IST">
          <reporter-output>
          </reporter-output>
        </test-method> <!-- afterTest -->
        <test-method status="PASS" signature="testAfterSuite()[pri:0, instance:scripts.GetUser@4b1c1ea0]" name="testAfterSuite" is-config="true" duration-ms="1" started-at="2020-11-14T15:48:31 IST" finished-at="2020-11-14T15:48:31 IST">
          <reporter-output>
          </reporter-output>
        </test-method> <!-- testAfterSuite -->
      </class> <!-- scripts.GetUser -->
    </test> <!-- Test -->
  </suite> <!-- Suite -->
</testng-results>
