<?xml version="1.0" encoding="UTF-8"?>
<testng-results skipped="0" failed="0" ignored="8" total="15" passed="7">
  <reporter-output>
  </reporter-output>
  <suite name="Suite" duration-ms="17947" started-at="2020-11-20T19:54:38 IST" finished-at="2020-11-20T19:54:56 IST">
    <groups>
    </groups>
    <test name="Test" duration-ms="17947" started-at="2020-11-20T19:54:38 IST" finished-at="2020-11-20T19:54:56 IST">
      <class name="scripts.RegisterTestCase">
        <test-method status="PASS" signature="beforeTest()[pri:0, instance:scripts.RegisterTestCase@3712b94]" name="beforeTest" is-config="true" duration-ms="36" started-at="2020-11-20T19:54:47 IST" finished-at="2020-11-20T19:54:47 IST">
          <reporter-output>
          </reporter-output>
        </test-method> <!-- beforeTest -->
        <test-method status="PASS" signature="registered()[pri:0, instance:scripts.RegisterTestCase@3712b94]" name="registered" duration-ms="1571" started-at="2020-11-20T19:54:47 IST" finished-at="2020-11-20T19:54:49 IST">
          <reporter-output>
          </reporter-output>
        </test-method> <!-- registered -->
        <test-method status="PASS" signature="afterTest()[pri:0, instance:scripts.RegisterTestCase@3712b94]" name="afterTest" is-config="true" duration-ms="1" started-at="2020-11-20T19:54:49 IST" finished-at="2020-11-20T19:54:49 IST">
          <reporter-output>
          </reporter-output>
        </test-method> <!-- afterTest -->
      </class> <!-- scripts.RegisterTestCase -->
      <class name="scripts.TokenGenerationTestCase">
        <test-method status="PASS" signature="beforeTest()[pri:0, instance:scripts.TokenGenerationTestCase@2833cc44]" name="beforeTest" is-config="true" duration-ms="12" started-at="2020-11-20T19:54:49 IST" finished-at="2020-11-20T19:54:49 IST">
          <reporter-output>
          </reporter-output>
        </test-method> <!-- beforeTest -->
        <test-method status="PASS" signature="getTokenPositive()[pri:0, instance:scripts.TokenGenerationTestCase@2833cc44]" name="getTokenPositive" duration-ms="1304" started-at="2020-11-20T19:54:49 IST" finished-at="2020-11-20T19:54:50 IST">
          <reporter-output>
          </reporter-output>
        </test-method> <!-- getTokenPositive -->
        <test-method status="PASS" signature="getTokenNegative()[pri:1, instance:scripts.TokenGenerationTestCase@2833cc44]" name="getTokenNegative" duration-ms="1492" started-at="2020-11-20T19:54:50 IST" finished-at="2020-11-20T19:54:51 IST">
          <reporter-output>
          </reporter-output>
        </test-method> <!-- getTokenNegative -->
        <test-method status="PASS" signature="afterTest()[pri:0, instance:scripts.TokenGenerationTestCase@2833cc44]" name="afterTest" is-config="true" duration-ms="2" started-at="2020-11-20T19:54:51 IST" finished-at="2020-11-20T19:54:51 IST">
          <reporter-output>
          </reporter-output>
        </test-method> <!-- afterTest -->
      </class> <!-- scripts.TokenGenerationTestCase -->
      <class name="scripts.AuthorizationTestCases">
        <test-method status="PASS" signature="beforeTest()[pri:0, instance:scripts.AuthorizationTestCases@33f88ab]" name="beforeTest" is-config="true" duration-ms="22" started-at="2020-11-20T19:54:51 IST" finished-at="2020-11-20T19:54:51 IST">
          <reporter-output>
          </reporter-output>
        </test-method> <!-- beforeTest -->
        <test-method status="PASS" signature="authorizationPositive()[pri:1, instance:scripts.AuthorizationTestCases@33f88ab]" name="authorizationPositive" duration-ms="1391" started-at="2020-11-20T19:54:51 IST" finished-at="2020-11-20T19:54:53 IST">
          <reporter-output>
          </reporter-output>
        </test-method> <!-- authorizationPositive -->
        <test-method status="PASS" signature="authorizationNegative()[pri:2, instance:scripts.AuthorizationTestCases@33f88ab]" name="authorizationNegative" duration-ms="1413" started-at="2020-11-20T19:54:53 IST" finished-at="2020-11-20T19:54:54 IST">
          <reporter-output>
          </reporter-output>
        </test-method> <!-- authorizationNegative -->
        <test-method status="PASS" signature="afterTest()[pri:0, instance:scripts.AuthorizationTestCases@33f88ab]" name="afterTest" is-config="true" duration-ms="0" started-at="2020-11-20T19:54:54 IST" finished-at="2020-11-20T19:54:54 IST">
          <reporter-output>
          </reporter-output>
        </test-method> <!-- afterTest -->
      </class> <!-- scripts.AuthorizationTestCases -->
      <class name="scripts.GetUser">
        <test-method status="PASS" signature="testBeforeSuite()[pri:0, instance:scripts.GetUser@4d41cee]" name="testBeforeSuite" is-config="true" duration-ms="6" started-at="2020-11-20T19:54:38 IST" finished-at="2020-11-20T19:54:38 IST">
          <reporter-output>
          </reporter-output>
        </test-method> <!-- testBeforeSuite -->
        <test-method status="PASS" signature="beforeTest()[pri:0, instance:scripts.GetUser@4d41cee]" name="beforeTest" is-config="true" duration-ms="1071" started-at="2020-11-20T19:54:38 IST" finished-at="2020-11-20T19:54:39 IST">
          <reporter-output>
          </reporter-output>
        </test-method> <!-- beforeTest -->
        <test-method status="PASS" signature="getUser()[pri:0, instance:scripts.GetUser@4d41cee]" name="getUser" duration-ms="8038" started-at="2020-11-20T19:54:39 IST" finished-at="2020-11-20T19:54:47 IST">
          <reporter-output>
          </reporter-output>
        </test-method> <!-- getUser -->
        <test-method status="PASS" signature="afterTest()[pri:0, instance:scripts.GetUser@4d41cee]" name="afterTest" is-config="true" duration-ms="0" started-at="2020-11-20T19:54:47 IST" finished-at="2020-11-20T19:54:47 IST">
          <reporter-output>
          </reporter-output>
        </test-method> <!-- afterTest -->
        <test-method status="PASS" signature="testAfterSuite()[pri:0, instance:scripts.GetUser@4d41cee]" name="testAfterSuite" is-config="true" duration-ms="1" started-at="2020-11-20T19:54:56 IST" finished-at="2020-11-20T19:54:56 IST">
          <reporter-output>
          </reporter-output>
        </test-method> <!-- testAfterSuite -->
      </class> <!-- scripts.GetUser -->
      <class name="scripts.GetBooks">
        <test-method status="PASS" signature="beforeTest()[pri:0, instance:scripts.GetBooks@27a8c74e]" name="beforeTest" is-config="true" duration-ms="15" started-at="2020-11-20T19:54:54 IST" finished-at="2020-11-20T19:54:54 IST">
          <reporter-output>
          </reporter-output>
        </test-method> <!-- beforeTest -->
        <test-method status="PASS" signature="getBooks()[pri:0, instance:scripts.GetBooks@27a8c74e]" name="getBooks" duration-ms="1545" started-at="2020-11-20T19:54:54 IST" finished-at="2020-11-20T19:54:56 IST">
          <reporter-output>
          </reporter-output>
        </test-method> <!-- getBooks -->
        <test-method status="PASS" signature="afterTest()[pri:0, instance:scripts.GetBooks@27a8c74e]" name="afterTest" is-config="true" duration-ms="1" started-at="2020-11-20T19:54:56 IST" finished-at="2020-11-20T19:54:56 IST">
          <reporter-output>
          </reporter-output>
        </test-method> <!-- afterTest -->
      </class> <!-- scripts.GetBooks -->
    </test> <!-- Test -->
  </suite> <!-- Suite -->
</testng-results>
