<?xml version="1.0" encoding="UTF-8"?>
<testsuite xmlns:xsi="http://www.w3.org/2001/XMLSchema-instance" xsi:noNamespaceSchemaLocation="https://maven.apache.org/surefire/maven-surefire-plugin/xsd/surefire-test-report.xsd" name="TestSuite" time="19.564" tests="7" errors="0" skipped="0" failures="0">
  <properties>
[...]
</properties>
  <testcase name="getUser" classname="scripts.GetUser" time="8.04"/>
  <testcase name="registered" classname="scripts.RegisterTestCase" time="1.57"/>
  <testcase name="getTokenPositive" classname="scripts.TokenGenerationTestCase" time="1.296"/>
  <testcase name="getTokenNegative" classname="scripts.TokenGenerationTestCase" time="1.492"/>
  <testcase name="authorizationPositive" classname="scripts.AuthorizationTestCases" time="1.393"/>
  <testcase name="authorizationNegative" classname="scripts.AuthorizationTestCases" time="1.412"/>
  <testcase name="getBooks" classname="scripts.GetBooks" time="1.546"/>
</testsuite>