<?xml version="1.0" encoding="UTF-8"?>
<testng-results skipped="0" failed="0" ignored="6" total="12" passed="6">
  <reporter-output>
  </reporter-output>
  <suite name="Suite" duration-ms="19482" started-at="2020-11-14T14:54:32 IST" finished-at="2020-11-14T14:54:51 IST">
    <groups>
    </groups>
    <test name="Test" duration-ms="19482" started-at="2020-11-14T14:54:32 IST" finished-at="2020-11-14T14:54:51 IST">
      <class name="scripts.RegisterTestCase">
        <test-method status="PASS" signature="beforeTest()[pri:0, instance:scripts.RegisterTestCase@64f6106c]" name="beforeTest" is-config="true" duration-ms="24" started-at="2020-11-14T14:54:42 IST" finished-at="2020-11-14T14:54:42 IST">
          <reporter-output>
          </reporter-output>
        </test-method> <!-- beforeTest -->
        <test-method status="PASS" signature="registered()[pri:0, instance:scripts.RegisterTestCase@64f6106c]" name="registered" duration-ms="1840" started-at="2020-11-14T14:54:42 IST" finished-at="2020-11-14T14:54:44 IST">
          <reporter-output>
          </reporter-output>
        </test-method> <!-- registered -->
        <test-method status="PASS" signature="afterTest()[pri:0, instance:scripts.RegisterTestCase@64f6106c]" name="afterTest" is-config="true" duration-ms="1" started-at="2020-11-14T14:54:44 IST" finished-at="2020-11-14T14:54:44 IST">
          <reporter-output>
          </reporter-output>
        </test-method> <!-- afterTest -->
      </class> <!-- scripts.RegisterTestCase -->
      <class name="scripts.TokenGenerationTestCase">
        <test-method status="PASS" signature="beforeTest()[pri:0, instance:scripts.TokenGenerationTestCase@553a3d88]" name="beforeTest" is-config="true" duration-ms="28" started-at="2020-11-14T14:54:44 IST" finished-at="2020-11-14T14:54:44 IST">
          <reporter-output>
          </reporter-output>
        </test-method> <!-- beforeTest -->
        <test-method status="PASS" signature="getTokenNegative()[pri:0, instance:scripts.TokenGenerationTestCase@553a3d88]" name="getTokenNegative" duration-ms="2541" started-at="2020-11-14T14:54:44 IST" finished-at="2020-11-14T14:54:46 IST">
          <reporter-output>
          </reporter-output>
        </test-method> <!-- getTokenNegative -->
        <test-method status="PASS" signature="getTokenPositive()[pri:0, instance:scripts.TokenGenerationTestCase@553a3d88]" name="getTokenPositive" duration-ms="1904" started-at="2020-11-14T14:54:46 IST" finished-at="2020-11-14T14:54:48 IST">
          <reporter-output>
          </reporter-output>
        </test-method> <!-- getTokenPositive -->
        <test-method status="PASS" signature="afterTest()[pri:0, instance:scripts.TokenGenerationTestCase@553a3d88]" name="afterTest" is-config="true" duration-ms="1" started-at="2020-11-14T14:54:48 IST" finished-at="2020-11-14T14:54:48 IST">
          <reporter-output>
          </reporter-output>
        </test-method> <!-- afterTest -->
      </class> <!-- scripts.TokenGenerationTestCase -->
      <class name="scripts.AuthorizationTestCases">
        <test-method status="PASS" signature="beforeTest()[pri:0, instance:scripts.AuthorizationTestCases@7a30d1e6]" name="beforeTest" is-config="true" duration-ms="20" started-at="2020-11-14T14:54:48 IST" finished-at="2020-11-14T14:54:48 IST">
          <reporter-output>
          </reporter-output>
        </test-method> <!-- beforeTest -->
        <test-method status="PASS" signature="authorizationPositive()[pri:1, instance:scripts.AuthorizationTestCases@7a30d1e6]" name="authorizationPositive" duration-ms="1564" started-at="2020-11-14T14:54:48 IST" finished-at="2020-11-14T14:54:50 IST">
          <reporter-output>
          </reporter-output>
        </test-method> <!-- authorizationPositive -->
        <test-method status="PASS" signature="authorizationNegative()[pri:2, instance:scripts.AuthorizationTestCases@7a30d1e6]" name="authorizationNegative" duration-ms="1415" started-at="2020-11-14T14:54:50 IST" finished-at="2020-11-14T14:54:51 IST">
          <reporter-output>
          </reporter-output>
        </test-method> <!-- authorizationNegative -->
        <test-method status="PASS" signature="afterTest()[pri:0, instance:scripts.AuthorizationTestCases@7a30d1e6]" name="afterTest" is-config="true" duration-ms="1" started-at="2020-11-14T14:54:51 IST" finished-at="2020-11-14T14:54:51 IST">
          <reporter-output>
          </reporter-output>
        </test-method> <!-- afterTest -->
      </class> <!-- scripts.AuthorizationTestCases -->
      <class name="scripts.GetUser">
        <test-method status="PASS" signature="testBeforeSuite()[pri:0, instance:scripts.GetUser@33723e30]" name="testBeforeSuite" is-config="true" duration-ms="12" started-at="2020-11-14T14:54:32 IST" finished-at="2020-11-14T14:54:32 IST">
          <reporter-output>
          </reporter-output>
        </test-method> <!-- testBeforeSuite -->
        <test-method status="PASS" signature="beforeTest()[pri:0, instance:scripts.GetUser@33723e30]" name="beforeTest" is-config="true" duration-ms="1595" started-at="2020-11-14T14:54:32 IST" finished-at="2020-11-14T14:54:33 IST">
          <reporter-output>
          </reporter-output>
        </test-method> <!-- beforeTest -->
        <test-method status="PASS" signature="getUser()[pri:0, instance:scripts.GetUser@33723e30]" name="getUser" duration-ms="8485" started-at="2020-11-14T14:54:33 IST" finished-at="2020-11-14T14:54:42 IST">
          <reporter-output>
          </reporter-output>
        </test-method> <!-- getUser -->
        <test-method status="PASS" signature="afterTest()[pri:0, instance:scripts.GetUser@33723e30]" name="afterTest" is-config="true" duration-ms="1" started-at="2020-11-14T14:54:42 IST" finished-at="2020-11-14T14:54:42 IST">
          <reporter-output>
          </reporter-output>
        </test-method> <!-- afterTest -->
        <test-method status="PASS" signature="testAfterSuite()[pri:0, instance:scripts.GetUser@33723e30]" name="testAfterSuite" is-config="true" duration-ms="0" started-at="2020-11-14T14:54:52 IST" finished-at="2020-11-14T14:54:52 IST">
          <reporter-output>
          </reporter-output>
        </test-method> <!-- testAfterSuite -->
      </class> <!-- scripts.GetUser -->
    </test> <!-- Test -->
  </suite> <!-- Suite -->
</testng-results>
