<?xml version="1.0" encoding="UTF-8"?>
<testng-results skipped="0" failed="0" ignored="0" total="1" passed="1">
  <reporter-output>
  </reporter-output>
  <suite name="Suite" duration-ms="4143" started-at="2020-11-21T15:33:32Z" finished-at="2020-11-21T15:33:36Z">
    <groups>
    </groups>
    <test name="Test" duration-ms="4143" started-at="2020-11-21T15:33:32Z" finished-at="2020-11-21T15:33:36Z">
      <class name="scripts.GetBooks">
        <test-method status="PASS" signature="testBeforeSuite()[pri:0, instance:scripts.GetBooks@5276e6b0]" name="testBeforeSuite" is-config="true" duration-ms="11" started-at="2020-11-21T15:33:32Z" finished-at="2020-11-21T15:33:32Z">
          <reporter-output>
          </reporter-output>
        </test-method> <!-- testBeforeSuite -->
        <test-method status="PASS" signature="beforeTest()[pri:0, instance:scripts.GetBooks@5276e6b0]" name="beforeTest" is-config="true" duration-ms="1169" started-at="2020-11-21T15:33:32Z" finished-at="2020-11-21T15:33:33Z">
          <reporter-output>
          </reporter-output>
        </test-method> <!-- beforeTest -->
        <test-method status="PASS" signature="getBooks()[pri:0, instance:scripts.GetBooks@5276e6b0]" name="getBooks" duration-ms="2959" started-at="2020-11-21T15:33:33Z" finished-at="2020-11-21T15:33:36Z">
          <reporter-output>
          </reporter-output>
        </test-method> <!-- getBooks -->
        <test-method status="PASS" signature="afterTest()[pri:0, instance:scripts.GetBooks@5276e6b0]" name="afterTest" is-config="true" duration-ms="0" started-at="2020-11-21T15:33:36Z" finished-at="2020-11-21T15:33:36Z">
          <reporter-output>
          </reporter-output>
        </test-method> <!-- afterTest -->
        <test-method status="PASS" signature="testAfterSuite()[pri:0, instance:scripts.GetBooks@5276e6b0]" name="testAfterSuite" is-config="true" duration-ms="0" started-at="2020-11-21T15:33:36Z" finished-at="2020-11-21T15:33:36Z">
          <reporter-output>
          </reporter-output>
        </test-method> <!-- testAfterSuite -->
      </class> <!-- scripts.GetBooks -->
    </test> <!-- Test -->
  </suite> <!-- Suite -->
</testng-results>
