<?xml version="1.0" encoding="UTF-8"?>
<testng-results skipped="0" failed="0" ignored="0" total="1" passed="1">
  <reporter-output>
  </reporter-output>
  <suite name="Suite" duration-ms="9258" started-at="2020-11-25T08:58:21Z" finished-at="2020-11-25T08:58:30Z">
    <groups>
    </groups>
    <test name="Test" duration-ms="9258" started-at="2020-11-25T08:58:21Z" finished-at="2020-11-25T08:58:30Z">
      <class name="scripts.DeleteBook">
        <test-method status="PASS" signature="testBeforeSuite()[pri:0, instance:scripts.DeleteBook@5276e6b0]" name="testBeforeSuite" is-config="true" duration-ms="17" started-at="2020-11-25T08:58:21Z" finished-at="2020-11-25T08:58:21Z">
          <reporter-output>
          </reporter-output>
        </test-method> <!-- testBeforeSuite -->
        <test-method status="PASS" signature="beforeTest()[pri:0, instance:scripts.DeleteBook@5276e6b0]" name="beforeTest" is-config="true" duration-ms="1979" started-at="2020-11-25T08:58:21Z" finished-at="2020-11-25T08:58:23Z">
          <reporter-output>
          </reporter-output>
        </test-method> <!-- beforeTest -->
        <test-method status="PASS" signature="deleteBook()[pri:0, instance:scripts.DeleteBook@5276e6b0]" name="deleteBook" duration-ms="7232" started-at="2020-11-25T08:58:23Z" finished-at="2020-11-25T08:58:30Z">
          <reporter-output>
          </reporter-output>
        </test-method> <!-- deleteBook -->
        <test-method status="PASS" signature="afterTest()[pri:0, instance:scripts.DeleteBook@5276e6b0]" name="afterTest" is-config="true" duration-ms="1" started-at="2020-11-25T08:58:30Z" finished-at="2020-11-25T08:58:30Z">
          <reporter-output>
          </reporter-output>
        </test-method> <!-- afterTest -->
        <test-method status="PASS" signature="testAfterSuite()[pri:0, instance:scripts.DeleteBook@5276e6b0]" name="testAfterSuite" is-config="true" duration-ms="0" started-at="2020-11-25T08:58:31Z" finished-at="2020-11-25T08:58:31Z">
          <reporter-output>
          </reporter-output>
        </test-method> <!-- testAfterSuite -->
      </class> <!-- scripts.DeleteBook -->
    </test> <!-- Test -->
  </suite> <!-- Suite -->
</testng-results>
