<?xml version="1.0" encoding="UTF-8"?>
<testng-results skipped="0" failed="0" ignored="0" total="1" passed="1">
  <reporter-output>
  </reporter-output>
  <suite name="Suite" duration-ms="6462" started-at="2020-11-18T08:40:50Z" finished-at="2020-11-18T08:40:56Z">
    <groups>
    </groups>
    <test name="Test" duration-ms="6462" started-at="2020-11-18T08:40:50Z" finished-at="2020-11-18T08:40:56Z">
      <class name="scripts.GetUser">
        <test-method status="PASS" signature="testBeforeSuite()[pri:0, instance:scripts.GetUser@5276e6b0]" name="testBeforeSuite" is-config="true" duration-ms="11" started-at="2020-11-18T08:40:50Z" finished-at="2020-11-18T08:40:50Z">
          <reporter-output>
          </reporter-output>
        </test-method> <!-- testBeforeSuite -->
        <test-method status="PASS" signature="beforeTest()[pri:0, instance:scripts.GetUser@5276e6b0]" name="beforeTest" is-config="true" duration-ms="776" started-at="2020-11-18T08:40:50Z" finished-at="2020-11-18T08:40:50Z">
          <reporter-output>
          </reporter-output>
        </test-method> <!-- beforeTest -->
        <test-method status="PASS" signature="getUser()[pri:0, instance:scripts.GetUser@5276e6b0]" name="getUser" duration-ms="5668" started-at="2020-11-18T08:40:50Z" finished-at="2020-11-18T08:40:56Z">
          <reporter-output>
          </reporter-output>
        </test-method> <!-- getUser -->
        <test-method status="PASS" signature="afterTest()[pri:0, instance:scripts.GetUser@5276e6b0]" name="afterTest" is-config="true" duration-ms="0" started-at="2020-11-18T08:40:56Z" finished-at="2020-11-18T08:40:56Z">
          <reporter-output>
          </reporter-output>
        </test-method> <!-- afterTest -->
        <test-method status="PASS" signature="testAfterSuite()[pri:0, instance:scripts.GetUser@5276e6b0]" name="testAfterSuite" is-config="true" duration-ms="0" started-at="2020-11-18T08:40:56Z" finished-at="2020-11-18T08:40:56Z">
          <reporter-output>
          </reporter-output>
        </test-method> <!-- testAfterSuite -->
      </class> <!-- scripts.GetUser -->
    </test> <!-- Test -->
  </suite> <!-- Suite -->
</testng-results>
